<?xml version="1.0" encoding="UTF-8"?>
<testng-results skipped="0" failed="0" total="1" passed="1">
  <reporter-output>
  </reporter-output>
  <suite name="Default suite" duration-ms="759" started-at="2017-08-30T19:50:13Z" finished-at="2017-08-30T19:50:14Z">
    <groups>
    </groups>
    <test name="Default test" duration-ms="759" started-at="2017-08-30T19:50:13Z" finished-at="2017-08-30T19:50:14Z">
      <class name="Test">
        <test-method status="PASS" signature="test_001()[pri:0, instance:Test@3c756e4d]" name="test_001" duration-ms="740" started-at="2017-08-31T01:20:13Z" finished-at="2017-08-31T01:20:14Z">
          <reporter-output>
          </reporter-output>
        </test-method> <!-- test_001 -->
      </class> <!-- Test -->
    </test> <!-- Default test -->
  </suite> <!-- Default suite -->
</testng-results>
